ISim log file
Running: C:\XilinxPrj\UCISW2-main-newer\UCISW2-main-newer\registerTest_isim_beh.exe -intstyle ise -gui -tclbatch isim.cmd -wdb C:/XilinxPrj/UCISW2-main-newer/UCISW2-main-newer/registerTest_isim_beh.wdb 
ISim P.20131013 (signature 0x7708f090)
This is a Full version of ISim.
Time resolution is 1 ps
# onerror resume
# wave add /
# run 1000 ns
Simulator is doing circuit initialization process.
Finished circuit initialization process.
# run 100ns
# run 100ns
# run 100ns
# run 100ns
# run 100ns
# run 100ns
# run 100ns
# run 100ns
# run 100ns
# run 100ns
# run 100ns
# run 100ns
# run 100ns
# run 100ns
# run 100ns
# run 100ns
# run 100ns
# run 100ns
# run 100ns
# run 100ns
# run 100ns
# run 100ns
# run 100ns
# run 100ns
# run 100ns
# run 100ns
# run 100ns
# run 100ns
# run 100ns
# run 100ns
# run 100ns
# run 100ns
# run 100ns
# run 100ns
# run 100ns
# run 100ns
# run 100ns
# run 100ns
# run 100ns
# run 100ns
# run 100ns
# run 100ns
# run 100ns
# run 100ns
# run 100ns
# run 100ns
# run 100ns
# run 100ns
# run 100ns
# run 100ns
# run 100ns
# run 100ns
# run 100ns
# run 100ns
# run 100ns
# run 100ns
# run 100ns
# run 100ns
# run 100ns
# run 100ns
# run 100ns
# run 100ns
# run 100ns
# run 100ns
# run 100ns
# run 100ns
# run 100ns
# run 100ns
# run 100ns
# run 100ns
# run 100ns
# run 100ns
# run 100ns
# run 100ns
# run 100ns
# run 100ns
# run 100ns
# run 100ns
# run 100ns
# run 100ns
# run 100ns
# run 100ns
# run 100ns
# run 100ns
# run 100ns
# run 100ns
# run 100ns
# run 100ns
# run 100ns
# run 100ns
# run 100ns
# run 100ns
# run 100ns
# run 100ns
# run 100ns
# run 100ns
# run 100ns
# run 100ns
# run 100ns
# run 100ns
# run 100ns
# run 100ns
# run 100ns
# run 100ns
# run 100ns
# run 100ns
# run 100ns
# run 100ns
# run 100ns
# run 100ns
# run 100ns
# run 100ns
# run 100ns
# run 100ns
# run 100ns
# run 100ns
# run 100ns
# run 100ns
# run 100ns
# run 100ns
# run 100ns
# run 100ns
# run 100ns
# run 100ns
# run 100ns
# run 100ns
# run 100ns
# run 100ns
# run 100ns
# run 10ms
at 316750 ns(1), Instance /registertest/uut/ : Warning: NUMERIC_STD.TO_UNSIGNED: vector truncated
at 337610 ns(1), Instance /registertest/uut/ : Warning: NUMERIC_STD.TO_UNSIGNED: vector truncated
at 358470 ns(1), Instance /registertest/uut/ : Warning: NUMERIC_STD.TO_UNSIGNED: vector truncated
at 379330 ns(1), Instance /registertest/uut/ : Warning: NUMERIC_STD.TO_UNSIGNED: vector truncated
at 1317870 ns(1), Instance /registertest/uut/ : Warning: NUMERIC_STD.TO_UNSIGNED: vector truncated
at 1338730 ns(1), Instance /registertest/uut/ : Warning: NUMERIC_STD.TO_UNSIGNED: vector truncated
at 1359590 ns(1), Instance /registertest/uut/ : Warning: NUMERIC_STD.TO_UNSIGNED: vector truncated
at 1359750 ns(1), Instance /registertest/uut/ : Warning: NUMERIC_STD.TO_UNSIGNED: vector truncated
at 1380450 ns(1), Instance /registertest/uut/ : Warning: NUMERIC_STD.TO_UNSIGNED: vector truncated
at 1380610 ns(1), Instance /registertest/uut/ : Warning: NUMERIC_STD.TO_UNSIGNED: vector truncated
at 1401310 ns(1), Instance /registertest/uut/ : Warning: NUMERIC_STD.TO_UNSIGNED: vector truncated
at 1401470 ns(1), Instance /registertest/uut/ : Warning: NUMERIC_STD.TO_UNSIGNED: vector truncated
at 1422170 ns(1), Instance /registertest/uut/ : Warning: NUMERIC_STD.TO_UNSIGNED: vector truncated
at 1422330 ns(1), Instance /registertest/uut/ : Warning: NUMERIC_STD.TO_UNSIGNED: vector truncated
at 1443030 ns(1), Instance /registertest/uut/ : Warning: NUMERIC_STD.TO_UNSIGNED: vector truncated
at 1443190 ns(1), Instance /registertest/uut/ : Warning: NUMERIC_STD.TO_UNSIGNED: vector truncated
at 1463890 ns(1), Instance /registertest/uut/ : Warning: NUMERIC_STD.TO_UNSIGNED: vector truncated
at 1464050 ns(1), Instance /registertest/uut/ : Warning: NUMERIC_STD.TO_UNSIGNED: vector truncated
at 1484750 ns(1), Instance /registertest/uut/ : Warning: NUMERIC_STD.TO_UNSIGNED: vector truncated
at 1484910 ns(1), Instance /registertest/uut/ : Warning: NUMERIC_STD.TO_UNSIGNED: vector truncated
at 1505770 ns(1), Instance /registertest/uut/ : Warning: NUMERIC_STD.TO_UNSIGNED: vector truncated
at 1526630 ns(1), Instance /registertest/uut/ : Warning: NUMERIC_STD.TO_UNSIGNED: vector truncated
at 1547490 ns(1), Instance /registertest/uut/ : Warning: NUMERIC_STD.TO_UNSIGNED: vector truncated
at 1568350 ns(1), Instance /registertest/uut/ : Warning: NUMERIC_STD.TO_UNSIGNED: vector truncated
at 1589210 ns(1), Instance /registertest/uut/ : Warning: NUMERIC_STD.TO_UNSIGNED: vector truncated
at 1610070 ns(1), Instance /registertest/uut/ : Warning: NUMERIC_STD.TO_UNSIGNED: vector truncated
at 1630930 ns(1), Instance /registertest/uut/ : Warning: NUMERIC_STD.TO_UNSIGNED: vector truncated
at 1651790 ns(1), Instance /registertest/uut/ : Warning: NUMERIC_STD.TO_UNSIGNED: vector truncated
at 1672490 ns(1), Instance /registertest/uut/ : Warning: NUMERIC_STD.TO_UNSIGNED: vector truncated
at 1672650 ns(1), Instance /registertest/uut/ : Warning: NUMERIC_STD.TO_UNSIGNED: vector truncated
at 1693350 ns(1), Instance /registertest/uut/ : Warning: NUMERIC_STD.TO_UNSIGNED: vector truncated
at 1693510 ns(1), Instance /registertest/uut/ : Warning: NUMERIC_STD.TO_UNSIGNED: vector truncated
at 1714210 ns(1), Instance /registertest/uut/ : Warning: NUMERIC_STD.TO_UNSIGNED: vector truncated
at 1714370 ns(1), Instance /registertest/uut/ : Warning: NUMERIC_STD.TO_UNSIGNED: vector truncated
at 1735070 ns(1), Instance /registertest/uut/ : Warning: NUMERIC_STD.TO_UNSIGNED: vector truncated
at 1735230 ns(1), Instance /registertest/uut/ : Warning: NUMERIC_STD.TO_UNSIGNED: vector truncated
at 1756090 ns(1), Instance /registertest/uut/ : Warning: NUMERIC_STD.TO_UNSIGNED: vector truncated
at 1776950 ns(1), Instance /registertest/uut/ : Warning: NUMERIC_STD.TO_UNSIGNED: vector truncated
at 1797810 ns(1), Instance /registertest/uut/ : Warning: NUMERIC_STD.TO_UNSIGNED: vector truncated
at 1818670 ns(1), Instance /registertest/uut/ : Warning: NUMERIC_STD.TO_UNSIGNED: vector truncated
at 1839530 ns(1), Instance /registertest/uut/ : Warning: NUMERIC_STD.TO_UNSIGNED: vector truncated
at 1860390 ns(1), Instance /registertest/uut/ : Warning: NUMERIC_STD.TO_UNSIGNED: vector truncated
at 1881250 ns(1), Instance /registertest/uut/ : Warning: NUMERIC_STD.TO_UNSIGNED: vector truncated
at 1902110 ns(1), Instance /registertest/uut/ : Warning: NUMERIC_STD.TO_UNSIGNED: vector truncated
at 1922970 ns(1), Instance /registertest/uut/ : Warning: NUMERIC_STD.TO_UNSIGNED: vector truncated
at 1943830 ns(1), Instance /registertest/uut/ : Warning: NUMERIC_STD.TO_UNSIGNED: vector truncated
at 1964530 ns(1), Instance /registertest/uut/ : Warning: NUMERIC_STD.TO_UNSIGNED: vector truncated
at 1964690 ns(1), Instance /registertest/uut/ : Warning: NUMERIC_STD.TO_UNSIGNED: vector truncated
at 1985390 ns(1), Instance /registertest/uut/ : Warning: NUMERIC_STD.TO_UNSIGNED: vector truncated
at 1985550 ns(1), Instance /registertest/uut/ : Warning: NUMERIC_STD.TO_UNSIGNED: vector truncated
at 2006250 ns(1), Instance /registertest/uut/ : Warning: NUMERIC_STD.TO_UNSIGNED: vector truncated
at 2006410 ns(1), Instance /registertest/uut/ : Warning: NUMERIC_STD.TO_UNSIGNED: vector truncated
at 2027110 ns(1), Instance /registertest/uut/ : Warning: NUMERIC_STD.TO_UNSIGNED: vector truncated
at 2027270 ns(1), Instance /registertest/uut/ : Warning: NUMERIC_STD.TO_UNSIGNED: vector truncated
at 2047970 ns(1), Instance /registertest/uut/ : Warning: NUMERIC_STD.TO_UNSIGNED: vector truncated
at 2048130 ns(1), Instance /registertest/uut/ : Warning: NUMERIC_STD.TO_UNSIGNED: vector truncated
at 2068830 ns(1), Instance /registertest/uut/ : Warning: NUMERIC_STD.TO_UNSIGNED: vector truncated
at 2068990 ns(1), Instance /registertest/uut/ : Warning: NUMERIC_STD.TO_UNSIGNED: vector truncated
at 2089690 ns(1), Instance /registertest/uut/ : Warning: NUMERIC_STD.TO_UNSIGNED: vector truncated
at 2089850 ns(1), Instance /registertest/uut/ : Warning: NUMERIC_STD.TO_UNSIGNED: vector truncated
at 2110550 ns(1), Instance /registertest/uut/ : Warning: NUMERIC_STD.TO_UNSIGNED: vector truncated
at 2110710 ns(1), Instance /registertest/uut/ : Warning: NUMERIC_STD.TO_UNSIGNED: vector truncated
at 2131410 ns(1), Instance /registertest/uut/ : Warning: NUMERIC_STD.TO_UNSIGNED: vector truncated
at 2131570 ns(1), Instance /registertest/uut/ : Warning: NUMERIC_STD.TO_UNSIGNED: vector truncated
at 2152270 ns(1), Instance /registertest/uut/ : Warning: NUMERIC_STD.TO_UNSIGNED: vector truncated
at 2152430 ns(1), Instance /registertest/uut/ : Warning: NUMERIC_STD.TO_UNSIGNED: vector truncated
at 2173130 ns(1), Instance /registertest/uut/ : Warning: NUMERIC_STD.TO_UNSIGNED: vector truncated
at 2173290 ns(1), Instance /registertest/uut/ : Warning: NUMERIC_STD.TO_UNSIGNED: vector truncated
at 2193990 ns(1), Instance /registertest/uut/ : Warning: NUMERIC_STD.TO_UNSIGNED: vector truncated
at 2194150 ns(1), Instance /registertest/uut/ : Warning: NUMERIC_STD.TO_UNSIGNED: vector truncated
at 2214850 ns(1), Instance /registertest/uut/ : Warning: NUMERIC_STD.TO_UNSIGNED: vector truncated
at 2215010 ns(1), Instance /registertest/uut/ : Warning: NUMERIC_STD.TO_UNSIGNED: vector truncated
at 2235710 ns(1), Instance /registertest/uut/ : Warning: NUMERIC_STD.TO_UNSIGNED: vector truncated
at 2235870 ns(1), Instance /registertest/uut/ : Warning: NUMERIC_STD.TO_UNSIGNED: vector truncated
at 2256570 ns(1), Instance /registertest/uut/ : Warning: NUMERIC_STD.TO_UNSIGNED: vector truncated
at 2256730 ns(1), Instance /registertest/uut/ : Warning: NUMERIC_STD.TO_UNSIGNED: vector truncated
at 2277430 ns(1), Instance /registertest/uut/ : Warning: NUMERIC_STD.TO_UNSIGNED: vector truncated
at 2277590 ns(1), Instance /registertest/uut/ : Warning: NUMERIC_STD.TO_UNSIGNED: vector truncated
at 2298290 ns(1), Instance /registertest/uut/ : Warning: NUMERIC_STD.TO_UNSIGNED: vector truncated
at 2298450 ns(1), Instance /registertest/uut/ : Warning: NUMERIC_STD.TO_UNSIGNED: vector truncated
at 2319150 ns(1), Instance /registertest/uut/ : Warning: NUMERIC_STD.TO_UNSIGNED: vector truncated
at 2319310 ns(1), Instance /registertest/uut/ : Warning: NUMERIC_STD.TO_UNSIGNED: vector truncated
at 2340010 ns(1), Instance /registertest/uut/ : Warning: NUMERIC_STD.TO_UNSIGNED: vector truncated
at 2340170 ns(1), Instance /registertest/uut/ : Warning: NUMERIC_STD.TO_UNSIGNED: vector truncated
at 2360870 ns(1), Instance /registertest/uut/ : Warning: NUMERIC_STD.TO_UNSIGNED: vector truncated
at 2361030 ns(1), Instance /registertest/uut/ : Warning: NUMERIC_STD.TO_UNSIGNED: vector truncated
at 2381730 ns(1), Instance /registertest/uut/ : Warning: NUMERIC_STD.TO_UNSIGNED: vector truncated
at 2381890 ns(1), Instance /registertest/uut/ : Warning: NUMERIC_STD.TO_UNSIGNED: vector truncated
at 2402590 ns(1), Instance /registertest/uut/ : Warning: NUMERIC_STD.TO_UNSIGNED: vector truncated
at 2402750 ns(1), Instance /registertest/uut/ : Warning: NUMERIC_STD.TO_UNSIGNED: vector truncated
at 2423450 ns(1), Instance /registertest/uut/ : Warning: NUMERIC_STD.TO_UNSIGNED: vector truncated
at 2423610 ns(1), Instance /registertest/uut/ : Warning: NUMERIC_STD.TO_UNSIGNED: vector truncated
at 2444310 ns(1), Instance /registertest/uut/ : Warning: NUMERIC_STD.TO_UNSIGNED: vector truncated
at 2444470 ns(1), Instance /registertest/uut/ : Warning: NUMERIC_STD.TO_UNSIGNED: vector truncated
at 2465170 ns(1), Instance /registertest/uut/ : Warning: NUMERIC_STD.TO_UNSIGNED: vector truncated
at 2465330 ns(1), Instance /registertest/uut/ : Warning: NUMERIC_STD.TO_UNSIGNED: vector truncated
at 2486190 ns(1), Instance /registertest/uut/ : Warning: NUMERIC_STD.TO_UNSIGNED: vector truncated
at 2507050 ns(1), Instance /registertest/uut/ : Warning: NUMERIC_STD.TO_UNSIGNED: vector truncated
at 2527910 ns(1), Instance /registertest/uut/ : Warning: NUMERIC_STD.TO_UNSIGNED: vector truncated
at 2548770 ns(1), Instance /registertest/uut/ : Warning: NUMERIC_STD.TO_UNSIGNED: vector truncated
at 2569630 ns(1), Instance /registertest/uut/ : Warning: NUMERIC_STD.TO_UNSIGNED: vector truncated
at 2590490 ns(1), Instance /registertest/uut/ : Warning: NUMERIC_STD.TO_UNSIGNED: vector truncated
at 2611350 ns(1), Instance /registertest/uut/ : Warning: NUMERIC_STD.TO_UNSIGNED: vector truncated
at 2632210 ns(1), Instance /registertest/uut/ : Warning: NUMERIC_STD.TO_UNSIGNED: vector truncated
at 2653070 ns(1), Instance /registertest/uut/ : Warning: NUMERIC_STD.TO_UNSIGNED: vector truncated
at 2673930 ns(1), Instance /registertest/uut/ : Warning: NUMERIC_STD.TO_UNSIGNED: vector truncated
at 2840650 ns(1), Instance /registertest/uut/ : Warning: NUMERIC_STD.TO_UNSIGNED: vector truncated
at 2840810 ns(1), Instance /registertest/uut/ : Warning: NUMERIC_STD.TO_UNSIGNED: vector truncated
at 2861510 ns(1), Instance /registertest/uut/ : Warning: NUMERIC_STD.TO_UNSIGNED: vector truncated
at 2861670 ns(1), Instance /registertest/uut/ : Warning: NUMERIC_STD.TO_UNSIGNED: vector truncated
at 2882370 ns(1), Instance /registertest/uut/ : Warning: NUMERIC_STD.TO_UNSIGNED: vector truncated
at 2882530 ns(1), Instance /registertest/uut/ : Warning: NUMERIC_STD.TO_UNSIGNED: vector truncated
at 2903230 ns(1), Instance /registertest/uut/ : Warning: NUMERIC_STD.TO_UNSIGNED: vector truncated
at 2903390 ns(1), Instance /registertest/uut/ : Warning: NUMERIC_STD.TO_UNSIGNED: vector truncated
at 2924090 ns(1), Instance /registertest/uut/ : Warning: NUMERIC_STD.TO_UNSIGNED: vector truncated
at 2924250 ns(1), Instance /registertest/uut/ : Warning: NUMERIC_STD.TO_UNSIGNED: vector truncated
at 2944950 ns(1), Instance /registertest/uut/ : Warning: NUMERIC_STD.TO_UNSIGNED: vector truncated
at 2945110 ns(1), Instance /registertest/uut/ : Warning: NUMERIC_STD.TO_UNSIGNED: vector truncated
at 2965810 ns(1), Instance /registertest/uut/ : Warning: NUMERIC_STD.TO_UNSIGNED: vector truncated
at 2986670 ns(1), Instance /registertest/uut/ : Warning: NUMERIC_STD.TO_UNSIGNED: vector truncated
at 3007530 ns(1), Instance /registertest/uut/ : Warning: NUMERIC_STD.TO_UNSIGNED: vector truncated
at 3028390 ns(1), Instance /registertest/uut/ : Warning: NUMERIC_STD.TO_UNSIGNED: vector truncated
at 3049250 ns(1), Instance /registertest/uut/ : Warning: NUMERIC_STD.TO_UNSIGNED: vector truncated
at 3070110 ns(1), Instance /registertest/uut/ : Warning: NUMERIC_STD.TO_UNSIGNED: vector truncated
at 3090970 ns(1), Instance /registertest/uut/ : Warning: NUMERIC_STD.TO_UNSIGNED: vector truncated
at 3091130 ns(1), Instance /registertest/uut/ : Warning: NUMERIC_STD.TO_UNSIGNED: vector truncated
at 3111830 ns(1), Instance /registertest/uut/ : Warning: NUMERIC_STD.TO_UNSIGNED: vector truncated
at 3111990 ns(1), Instance /registertest/uut/ : Warning: NUMERIC_STD.TO_UNSIGNED: vector truncated
at 3132690 ns(1), Instance /registertest/uut/ : Warning: NUMERIC_STD.TO_UNSIGNED: vector truncated
at 3132850 ns(1), Instance /registertest/uut/ : Warning: NUMERIC_STD.TO_UNSIGNED: vector truncated
at 3153550 ns(1), Instance /registertest/uut/ : Warning: NUMERIC_STD.TO_UNSIGNED: vector truncated
at 3153710 ns(1), Instance /registertest/uut/ : Warning: NUMERIC_STD.TO_UNSIGNED: vector truncated
at 3174410 ns(1), Instance /registertest/uut/ : Warning: NUMERIC_STD.TO_UNSIGNED: vector truncated
at 3174570 ns(1), Instance /registertest/uut/ : Warning: NUMERIC_STD.TO_UNSIGNED: vector truncated
at 3195270 ns(1), Instance /registertest/uut/ : Warning: NUMERIC_STD.TO_UNSIGNED: vector truncated
at 3195430 ns(1), Instance /registertest/uut/ : Warning: NUMERIC_STD.TO_UNSIGNED: vector truncated
at 3216130 ns(1), Instance /registertest/uut/ : Warning: NUMERIC_STD.TO_UNSIGNED: vector truncated
at 3216290 ns(1), Instance /registertest/uut/ : Warning: NUMERIC_STD.TO_UNSIGNED: vector truncated
at 3236990 ns(1), Instance /registertest/uut/ : Warning: NUMERIC_STD.TO_UNSIGNED: vector truncated
at 3237150 ns(1), Instance /registertest/uut/ : Warning: NUMERIC_STD.TO_UNSIGNED: vector truncated
at 3257850 ns(1), Instance /registertest/uut/ : Warning: NUMERIC_STD.TO_UNSIGNED: vector truncated
at 3258010 ns(1), Instance /registertest/uut/ : Warning: NUMERIC_STD.TO_UNSIGNED: vector truncated
at 3278710 ns(1), Instance /registertest/uut/ : Warning: NUMERIC_STD.TO_UNSIGNED: vector truncated
at 3278870 ns(1), Instance /registertest/uut/ : Warning: NUMERIC_STD.TO_UNSIGNED: vector truncated
at 3299570 ns(1), Instance /registertest/uut/ : Warning: NUMERIC_STD.TO_UNSIGNED: vector truncated
at 3299730 ns(1), Instance /registertest/uut/ : Warning: NUMERIC_STD.TO_UNSIGNED: vector truncated
at 3320430 ns(1), Instance /registertest/uut/ : Warning: NUMERIC_STD.TO_UNSIGNED: vector truncated
at 3320590 ns(1), Instance /registertest/uut/ : Warning: NUMERIC_STD.TO_UNSIGNED: vector truncated
at 3341290 ns(1), Instance /registertest/uut/ : Warning: NUMERIC_STD.TO_UNSIGNED: vector truncated
at 3341450 ns(1), Instance /registertest/uut/ : Warning: NUMERIC_STD.TO_UNSIGNED: vector truncated
at 3362150 ns(1), Instance /registertest/uut/ : Warning: NUMERIC_STD.TO_UNSIGNED: vector truncated
at 3362310 ns(1), Instance /registertest/uut/ : Warning: NUMERIC_STD.TO_UNSIGNED: vector truncated
at 3383010 ns(1), Instance /registertest/uut/ : Warning: NUMERIC_STD.TO_UNSIGNED: vector truncated
at 3383170 ns(1), Instance /registertest/uut/ : Warning: NUMERIC_STD.TO_UNSIGNED: vector truncated
at 3403870 ns(1), Instance /registertest/uut/ : Warning: NUMERIC_STD.TO_UNSIGNED: vector truncated
at 3404030 ns(1), Instance /registertest/uut/ : Warning: NUMERIC_STD.TO_UNSIGNED: vector truncated
at 3424730 ns(1), Instance /registertest/uut/ : Warning: NUMERIC_STD.TO_UNSIGNED: vector truncated
at 3424890 ns(1), Instance /registertest/uut/ : Warning: NUMERIC_STD.TO_UNSIGNED: vector truncated
at 3445590 ns(1), Instance /registertest/uut/ : Warning: NUMERIC_STD.TO_UNSIGNED: vector truncated
at 3445750 ns(1), Instance /registertest/uut/ : Warning: NUMERIC_STD.TO_UNSIGNED: vector truncated
at 3466450 ns(1), Instance /registertest/uut/ : Warning: NUMERIC_STD.TO_UNSIGNED: vector truncated
at 3466610 ns(1), Instance /registertest/uut/ : Warning: NUMERIC_STD.TO_UNSIGNED: vector truncated
at 3487310 ns(1), Instance /registertest/uut/ : Warning: NUMERIC_STD.TO_UNSIGNED: vector truncated
at 3487470 ns(1), Instance /registertest/uut/ : Warning: NUMERIC_STD.TO_UNSIGNED: vector truncated
at 3508170 ns(1), Instance /registertest/uut/ : Warning: NUMERIC_STD.TO_UNSIGNED: vector truncated
at 3508330 ns(1), Instance /registertest/uut/ : Warning: NUMERIC_STD.TO_UNSIGNED: vector truncated
at 3529030 ns(1), Instance /registertest/uut/ : Warning: NUMERIC_STD.TO_UNSIGNED: vector truncated
at 3529190 ns(1), Instance /registertest/uut/ : Warning: NUMERIC_STD.TO_UNSIGNED: vector truncated
at 3549890 ns(1), Instance /registertest/uut/ : Warning: NUMERIC_STD.TO_UNSIGNED: vector truncated
at 3550050 ns(1), Instance /registertest/uut/ : Warning: NUMERIC_STD.TO_UNSIGNED: vector truncated
at 3570750 ns(1), Instance /registertest/uut/ : Warning: NUMERIC_STD.TO_UNSIGNED: vector truncated
at 3570910 ns(1), Instance /registertest/uut/ : Warning: NUMERIC_STD.TO_UNSIGNED: vector truncated
at 3591610 ns(1), Instance /registertest/uut/ : Warning: NUMERIC_STD.TO_UNSIGNED: vector truncated
at 3591770 ns(1), Instance /registertest/uut/ : Warning: NUMERIC_STD.TO_UNSIGNED: vector truncated
at 3612470 ns(1), Instance /registertest/uut/ : Warning: NUMERIC_STD.TO_UNSIGNED: vector truncated
at 3612630 ns(1), Instance /registertest/uut/ : Warning: NUMERIC_STD.TO_UNSIGNED: vector truncated
at 3633330 ns(1), Instance /registertest/uut/ : Warning: NUMERIC_STD.TO_UNSIGNED: vector truncated
at 3633490 ns(1), Instance /registertest/uut/ : Warning: NUMERIC_STD.TO_UNSIGNED: vector truncated
at 3654190 ns(1), Instance /registertest/uut/ : Warning: NUMERIC_STD.TO_UNSIGNED: vector truncated
at 3654350 ns(1), Instance /registertest/uut/ : Warning: NUMERIC_STD.TO_UNSIGNED: vector truncated
at 3675050 ns(1), Instance /registertest/uut/ : Warning: NUMERIC_STD.TO_UNSIGNED: vector truncated
at 3675210 ns(1), Instance /registertest/uut/ : Warning: NUMERIC_STD.TO_UNSIGNED: vector truncated
at 3695910 ns(1), Instance /registertest/uut/ : Warning: NUMERIC_STD.TO_UNSIGNED: vector truncated
at 3696070 ns(1), Instance /registertest/uut/ : Warning: NUMERIC_STD.TO_UNSIGNED: vector truncated
at 3716770 ns(1), Instance /registertest/uut/ : Warning: NUMERIC_STD.TO_UNSIGNED: vector truncated
at 3716930 ns(1), Instance /registertest/uut/ : Warning: NUMERIC_STD.TO_UNSIGNED: vector truncated
at 3737630 ns(1), Instance /registertest/uut/ : Warning: NUMERIC_STD.TO_UNSIGNED: vector truncated
at 3737790 ns(1), Instance /registertest/uut/ : Warning: NUMERIC_STD.TO_UNSIGNED: vector truncated
at 3758490 ns(1), Instance /registertest/uut/ : Warning: NUMERIC_STD.TO_UNSIGNED: vector truncated
at 3758650 ns(1), Instance /registertest/uut/ : Warning: NUMERIC_STD.TO_UNSIGNED: vector truncated
at 3779350 ns(1), Instance /registertest/uut/ : Warning: NUMERIC_STD.TO_UNSIGNED: vector truncated
at 3779510 ns(1), Instance /registertest/uut/ : Warning: NUMERIC_STD.TO_UNSIGNED: vector truncated
at 3800210 ns(1), Instance /registertest/uut/ : Warning: NUMERIC_STD.TO_UNSIGNED: vector truncated
at 3800370 ns(1), Instance /registertest/uut/ : Warning: NUMERIC_STD.TO_UNSIGNED: vector truncated
at 3821070 ns(1), Instance /registertest/uut/ : Warning: NUMERIC_STD.TO_UNSIGNED: vector truncated
at 3821230 ns(1), Instance /registertest/uut/ : Warning: NUMERIC_STD.TO_UNSIGNED: vector truncated
at 3841930 ns(1), Instance /registertest/uut/ : Warning: NUMERIC_STD.TO_UNSIGNED: vector truncated
at 3842090 ns(1), Instance /registertest/uut/ : Warning: NUMERIC_STD.TO_UNSIGNED: vector truncated
at 3862790 ns(1), Instance /registertest/uut/ : Warning: NUMERIC_STD.TO_UNSIGNED: vector truncated
at 3862950 ns(1), Instance /registertest/uut/ : Warning: NUMERIC_STD.TO_UNSIGNED: vector truncated
at 3883650 ns(1), Instance /registertest/uut/ : Warning: NUMERIC_STD.TO_UNSIGNED: vector truncated
at 3883810 ns(1), Instance /registertest/uut/ : Warning: NUMERIC_STD.TO_UNSIGNED: vector truncated
at 3904510 ns(1), Instance /registertest/uut/ : Warning: NUMERIC_STD.TO_UNSIGNED: vector truncated
at 3904670 ns(1), Instance /registertest/uut/ : Warning: NUMERIC_STD.TO_UNSIGNED: vector truncated
at 3925370 ns(1), Instance /registertest/uut/ : Warning: NUMERIC_STD.TO_UNSIGNED: vector truncated
at 3925530 ns(1), Instance /registertest/uut/ : Warning: NUMERIC_STD.TO_UNSIGNED: vector truncated
at 3946230 ns(1), Instance /registertest/uut/ : Warning: NUMERIC_STD.TO_UNSIGNED: vector truncated
at 3946390 ns(1), Instance /registertest/uut/ : Warning: NUMERIC_STD.TO_UNSIGNED: vector truncated
at 3967090 ns(1), Instance /registertest/uut/ : Warning: NUMERIC_STD.TO_UNSIGNED: vector truncated
at 3967250 ns(1), Instance /registertest/uut/ : Warning: NUMERIC_STD.TO_UNSIGNED: vector truncated
at 3987950 ns(1), Instance /registertest/uut/ : Warning: NUMERIC_STD.TO_UNSIGNED: vector truncated
at 3988110 ns(1), Instance /registertest/uut/ : Warning: NUMERIC_STD.TO_UNSIGNED: vector truncated
at 4008810 ns(1), Instance /registertest/uut/ : Warning: NUMERIC_STD.TO_UNSIGNED: vector truncated
at 4008970 ns(1), Instance /registertest/uut/ : Warning: NUMERIC_STD.TO_UNSIGNED: vector truncated
at 4029670 ns(1), Instance /registertest/uut/ : Warning: NUMERIC_STD.TO_UNSIGNED: vector truncated
at 4029830 ns(1), Instance /registertest/uut/ : Warning: NUMERIC_STD.TO_UNSIGNED: vector truncated
at 4050530 ns(1), Instance /registertest/uut/ : Warning: NUMERIC_STD.TO_UNSIGNED: vector truncated
at 4050690 ns(1), Instance /registertest/uut/ : Warning: NUMERIC_STD.TO_UNSIGNED: vector truncated
at 4071390 ns(1), Instance /registertest/uut/ : Warning: NUMERIC_STD.TO_UNSIGNED: vector truncated
at 4071550 ns(1), Instance /registertest/uut/ : Warning: NUMERIC_STD.TO_UNSIGNED: vector truncated
at 4092250 ns(1), Instance /registertest/uut/ : Warning: NUMERIC_STD.TO_UNSIGNED: vector truncated
at 4092410 ns(1), Instance /registertest/uut/ : Warning: NUMERIC_STD.TO_UNSIGNED: vector truncated
at 4113110 ns(1), Instance /registertest/uut/ : Warning: NUMERIC_STD.TO_UNSIGNED: vector truncated
at 4113270 ns(1), Instance /registertest/uut/ : Warning: NUMERIC_STD.TO_UNSIGNED: vector truncated
at 4133970 ns(1), Instance /registertest/uut/ : Warning: NUMERIC_STD.TO_UNSIGNED: vector truncated
at 4134130 ns(1), Instance /registertest/uut/ : Warning: NUMERIC_STD.TO_UNSIGNED: vector truncated
at 4154830 ns(1), Instance /registertest/uut/ : Warning: NUMERIC_STD.TO_UNSIGNED: vector truncated
at 4154990 ns(1), Instance /registertest/uut/ : Warning: NUMERIC_STD.TO_UNSIGNED: vector truncated
at 4175690 ns(1), Instance /registertest/uut/ : Warning: NUMERIC_STD.TO_UNSIGNED: vector truncated
at 4175850 ns(1), Instance /registertest/uut/ : Warning: NUMERIC_STD.TO_UNSIGNED: vector truncated
at 4196550 ns(1), Instance /registertest/uut/ : Warning: NUMERIC_STD.TO_UNSIGNED: vector truncated
at 4196710 ns(1), Instance /registertest/uut/ : Warning: NUMERIC_STD.TO_UNSIGNED: vector truncated
at 4217410 ns(1), Instance /registertest/uut/ : Warning: NUMERIC_STD.TO_UNSIGNED: vector truncated
at 4217570 ns(1), Instance /registertest/uut/ : Warning: NUMERIC_STD.TO_UNSIGNED: vector truncated
at 4238270 ns(1), Instance /registertest/uut/ : Warning: NUMERIC_STD.TO_UNSIGNED: vector truncated
at 4238430 ns(1), Instance /registertest/uut/ : Warning: NUMERIC_STD.TO_UNSIGNED: vector truncated
at 4259130 ns(1), Instance /registertest/uut/ : Warning: NUMERIC_STD.TO_UNSIGNED: vector truncated
at 4259290 ns(1), Instance /registertest/uut/ : Warning: NUMERIC_STD.TO_UNSIGNED: vector truncated
at 4279990 ns(1), Instance /registertest/uut/ : Warning: NUMERIC_STD.TO_UNSIGNED: vector truncated
at 4280150 ns(1), Instance /registertest/uut/ : Warning: NUMERIC_STD.TO_UNSIGNED: vector truncated
at 4300850 ns(1), Instance /registertest/uut/ : Warning: NUMERIC_STD.TO_UNSIGNED: vector truncated
at 4301010 ns(1), Instance /registertest/uut/ : Warning: NUMERIC_STD.TO_UNSIGNED: vector truncated
at 4321710 ns(1), Instance /registertest/uut/ : Warning: NUMERIC_STD.TO_UNSIGNED: vector truncated
at 4321870 ns(1), Instance /registertest/uut/ : Warning: NUMERIC_STD.TO_UNSIGNED: vector truncated
at 4342570 ns(1), Instance /registertest/uut/ : Warning: NUMERIC_STD.TO_UNSIGNED: vector truncated
at 4342730 ns(1), Instance /registertest/uut/ : Warning: NUMERIC_STD.TO_UNSIGNED: vector truncated
at 4363430 ns(1), Instance /registertest/uut/ : Warning: NUMERIC_STD.TO_UNSIGNED: vector truncated
at 4363590 ns(1), Instance /registertest/uut/ : Warning: NUMERIC_STD.TO_UNSIGNED: vector truncated
at 4384290 ns(1), Instance /registertest/uut/ : Warning: NUMERIC_STD.TO_UNSIGNED: vector truncated
at 4384450 ns(1), Instance /registertest/uut/ : Warning: NUMERIC_STD.TO_UNSIGNED: vector truncated
at 4405150 ns(1), Instance /registertest/uut/ : Warning: NUMERIC_STD.TO_UNSIGNED: vector truncated
at 4405310 ns(1), Instance /registertest/uut/ : Warning: NUMERIC_STD.TO_UNSIGNED: vector truncated
at 4426010 ns(1), Instance /registertest/uut/ : Warning: NUMERIC_STD.TO_UNSIGNED: vector truncated
at 4426170 ns(1), Instance /registertest/uut/ : Warning: NUMERIC_STD.TO_UNSIGNED: vector truncated
at 4446870 ns(1), Instance /registertest/uut/ : Warning: NUMERIC_STD.TO_UNSIGNED: vector truncated
at 4447030 ns(1), Instance /registertest/uut/ : Warning: NUMERIC_STD.TO_UNSIGNED: vector truncated
at 4467730 ns(1), Instance /registertest/uut/ : Warning: NUMERIC_STD.TO_UNSIGNED: vector truncated
at 4467890 ns(1), Instance /registertest/uut/ : Warning: NUMERIC_STD.TO_UNSIGNED: vector truncated
at 4488590 ns(1), Instance /registertest/uut/ : Warning: NUMERIC_STD.TO_UNSIGNED: vector truncated
at 4488750 ns(1), Instance /registertest/uut/ : Warning: NUMERIC_STD.TO_UNSIGNED: vector truncated
at 4509450 ns(1), Instance /registertest/uut/ : Warning: NUMERIC_STD.TO_UNSIGNED: vector truncated
at 4509610 ns(1), Instance /registertest/uut/ : Warning: NUMERIC_STD.TO_UNSIGNED: vector truncated
at 4530310 ns(1), Instance /registertest/uut/ : Warning: NUMERIC_STD.TO_UNSIGNED: vector truncated
at 4530470 ns(1), Instance /registertest/uut/ : Warning: NUMERIC_STD.TO_UNSIGNED: vector truncated
at 4551170 ns(1), Instance /registertest/uut/ : Warning: NUMERIC_STD.TO_UNSIGNED: vector truncated
at 4551330 ns(1), Instance /registertest/uut/ : Warning: NUMERIC_STD.TO_UNSIGNED: vector truncated
at 4572030 ns(1), Instance /registertest/uut/ : Warning: NUMERIC_STD.TO_UNSIGNED: vector truncated
at 4572190 ns(1), Instance /registertest/uut/ : Warning: NUMERIC_STD.TO_UNSIGNED: vector truncated
at 4592890 ns(1), Instance /registertest/uut/ : Warning: NUMERIC_STD.TO_UNSIGNED: vector truncated
at 4593050 ns(1), Instance /registertest/uut/ : Warning: NUMERIC_STD.TO_UNSIGNED: vector truncated
at 4613750 ns(1), Instance /registertest/uut/ : Warning: NUMERIC_STD.TO_UNSIGNED: vector truncated
at 4613910 ns(1), Instance /registertest/uut/ : Warning: NUMERIC_STD.TO_UNSIGNED: vector truncated
at 4634610 ns(1), Instance /registertest/uut/ : Warning: NUMERIC_STD.TO_UNSIGNED: vector truncated
at 4634770 ns(1), Instance /registertest/uut/ : Warning: NUMERIC_STD.TO_UNSIGNED: vector truncated
at 4655470 ns(1), Instance /registertest/uut/ : Warning: NUMERIC_STD.TO_UNSIGNED: vector truncated
at 4655630 ns(1), Instance /registertest/uut/ : Warning: NUMERIC_STD.TO_UNSIGNED: vector truncated
at 4676330 ns(1), Instance /registertest/uut/ : Warning: NUMERIC_STD.TO_UNSIGNED: vector truncated
at 4676490 ns(1), Instance /registertest/uut/ : Warning: NUMERIC_STD.TO_UNSIGNED: vector truncated
at 4697190 ns(1), Instance /registertest/uut/ : Warning: NUMERIC_STD.TO_UNSIGNED: vector truncated
at 4697350 ns(1), Instance /registertest/uut/ : Warning: NUMERIC_STD.TO_UNSIGNED: vector truncated
at 4718050 ns(1), Instance /registertest/uut/ : Warning: NUMERIC_STD.TO_UNSIGNED: vector truncated
at 4718210 ns(1), Instance /registertest/uut/ : Warning: NUMERIC_STD.TO_UNSIGNED: vector truncated
at 4738910 ns(1), Instance /registertest/uut/ : Warning: NUMERIC_STD.TO_UNSIGNED: vector truncated
at 4739070 ns(1), Instance /registertest/uut/ : Warning: NUMERIC_STD.TO_UNSIGNED: vector truncated
at 4759770 ns(1), Instance /registertest/uut/ : Warning: NUMERIC_STD.TO_UNSIGNED: vector truncated
at 4759930 ns(1), Instance /registertest/uut/ : Warning: NUMERIC_STD.TO_UNSIGNED: vector truncated
at 4780630 ns(1), Instance /registertest/uut/ : Warning: NUMERIC_STD.TO_UNSIGNED: vector truncated
at 4780790 ns(1), Instance /registertest/uut/ : Warning: NUMERIC_STD.TO_UNSIGNED: vector truncated
at 4801490 ns(1), Instance /registertest/uut/ : Warning: NUMERIC_STD.TO_UNSIGNED: vector truncated
at 4801650 ns(1), Instance /registertest/uut/ : Warning: NUMERIC_STD.TO_UNSIGNED: vector truncated
at 4822350 ns(1), Instance /registertest/uut/ : Warning: NUMERIC_STD.TO_UNSIGNED: vector truncated
at 4822510 ns(1), Instance /registertest/uut/ : Warning: NUMERIC_STD.TO_UNSIGNED: vector truncated
at 4843210 ns(1), Instance /registertest/uut/ : Warning: NUMERIC_STD.TO_UNSIGNED: vector truncated
at 4843370 ns(1), Instance /registertest/uut/ : Warning: NUMERIC_STD.TO_UNSIGNED: vector truncated
at 4864070 ns(1), Instance /registertest/uut/ : Warning: NUMERIC_STD.TO_UNSIGNED: vector truncated
at 4864230 ns(1), Instance /registertest/uut/ : Warning: NUMERIC_STD.TO_UNSIGNED: vector truncated
at 4884930 ns(1), Instance /registertest/uut/ : Warning: NUMERIC_STD.TO_UNSIGNED: vector truncated
at 4885090 ns(1), Instance /registertest/uut/ : Warning: NUMERIC_STD.TO_UNSIGNED: vector truncated
at 4905790 ns(1), Instance /registertest/uut/ : Warning: NUMERIC_STD.TO_UNSIGNED: vector truncated
at 4905950 ns(1), Instance /registertest/uut/ : Warning: NUMERIC_STD.TO_UNSIGNED: vector truncated
at 4926650 ns(1), Instance /registertest/uut/ : Warning: NUMERIC_STD.TO_UNSIGNED: vector truncated
at 4926810 ns(1), Instance /registertest/uut/ : Warning: NUMERIC_STD.TO_UNSIGNED: vector truncated
at 4947510 ns(1), Instance /registertest/uut/ : Warning: NUMERIC_STD.TO_UNSIGNED: vector truncated
at 4947670 ns(1), Instance /registertest/uut/ : Warning: NUMERIC_STD.TO_UNSIGNED: vector truncated
at 4968370 ns(1), Instance /registertest/uut/ : Warning: NUMERIC_STD.TO_UNSIGNED: vector truncated
at 4968530 ns(1), Instance /registertest/uut/ : Warning: NUMERIC_STD.TO_UNSIGNED: vector truncated
at 4989230 ns(1), Instance /registertest/uut/ : Warning: NUMERIC_STD.TO_UNSIGNED: vector truncated
at 4989390 ns(1), Instance /registertest/uut/ : Warning: NUMERIC_STD.TO_UNSIGNED: vector truncated
at 5010090 ns(1), Instance /registertest/uut/ : Warning: NUMERIC_STD.TO_UNSIGNED: vector truncated
at 5010250 ns(1), Instance /registertest/uut/ : Warning: NUMERIC_STD.TO_UNSIGNED: vector truncated
at 5030950 ns(1), Instance /registertest/uut/ : Warning: NUMERIC_STD.TO_UNSIGNED: vector truncated
at 5031110 ns(1), Instance /registertest/uut/ : Warning: NUMERIC_STD.TO_UNSIGNED: vector truncated
at 5051810 ns(1), Instance /registertest/uut/ : Warning: NUMERIC_STD.TO_UNSIGNED: vector truncated
at 5051970 ns(1), Instance /registertest/uut/ : Warning: NUMERIC_STD.TO_UNSIGNED: vector truncated
at 5072670 ns(1), Instance /registertest/uut/ : Warning: NUMERIC_STD.TO_UNSIGNED: vector truncated
at 5072830 ns(1), Instance /registertest/uut/ : Warning: NUMERIC_STD.TO_UNSIGNED: vector truncated
at 5093530 ns(1), Instance /registertest/uut/ : Warning: NUMERIC_STD.TO_UNSIGNED: vector truncated
at 5093690 ns(1), Instance /registertest/uut/ : Warning: NUMERIC_STD.TO_UNSIGNED: vector truncated
at 5114390 ns(1), Instance /registertest/uut/ : Warning: NUMERIC_STD.TO_UNSIGNED: vector truncated
at 5114550 ns(1), Instance /registertest/uut/ : Warning: NUMERIC_STD.TO_UNSIGNED: vector truncated
at 5135250 ns(1), Instance /registertest/uut/ : Warning: NUMERIC_STD.TO_UNSIGNED: vector truncated
at 5135410 ns(1), Instance /registertest/uut/ : Warning: NUMERIC_STD.TO_UNSIGNED: vector truncated
at 5156110 ns(1), Instance /registertest/uut/ : Warning: NUMERIC_STD.TO_UNSIGNED: vector truncated
at 5156270 ns(1), Instance /registertest/uut/ : Warning: NUMERIC_STD.TO_UNSIGNED: vector truncated
at 5176970 ns(1), Instance /registertest/uut/ : Warning: NUMERIC_STD.TO_UNSIGNED: vector truncated
at 5177130 ns(1), Instance /registertest/uut/ : Warning: NUMERIC_STD.TO_UNSIGNED: vector truncated
at 5197830 ns(1), Instance /registertest/uut/ : Warning: NUMERIC_STD.TO_UNSIGNED: vector truncated
at 5197990 ns(1), Instance /registertest/uut/ : Warning: NUMERIC_STD.TO_UNSIGNED: vector truncated
at 5218690 ns(1), Instance /registertest/uut/ : Warning: NUMERIC_STD.TO_UNSIGNED: vector truncated
at 5218850 ns(1), Instance /registertest/uut/ : Warning: NUMERIC_STD.TO_UNSIGNED: vector truncated
at 5239550 ns(1), Instance /registertest/uut/ : Warning: NUMERIC_STD.TO_UNSIGNED: vector truncated
at 5239710 ns(1), Instance /registertest/uut/ : Warning: NUMERIC_STD.TO_UNSIGNED: vector truncated
at 5260410 ns(1), Instance /registertest/uut/ : Warning: NUMERIC_STD.TO_UNSIGNED: vector truncated
at 5260570 ns(1), Instance /registertest/uut/ : Warning: NUMERIC_STD.TO_UNSIGNED: vector truncated
at 5281270 ns(1), Instance /registertest/uut/ : Warning: NUMERIC_STD.TO_UNSIGNED: vector truncated
at 5281430 ns(1), Instance /registertest/uut/ : Warning: NUMERIC_STD.TO_UNSIGNED: vector truncated
at 5302130 ns(1), Instance /registertest/uut/ : Warning: NUMERIC_STD.TO_UNSIGNED: vector truncated
at 5322990 ns(1), Instance /registertest/uut/ : Warning: NUMERIC_STD.TO_UNSIGNED: vector truncated
at 5343850 ns(1), Instance /registertest/uut/ : Warning: NUMERIC_STD.TO_UNSIGNED: vector truncated
at 5344010 ns(1), Instance /registertest/uut/ : Warning: NUMERIC_STD.TO_UNSIGNED: vector truncated
at 5364710 ns(1), Instance /registertest/uut/ : Warning: NUMERIC_STD.TO_UNSIGNED: vector truncated
at 5364870 ns(1), Instance /registertest/uut/ : Warning: NUMERIC_STD.TO_UNSIGNED: vector truncated
at 5385570 ns(1), Instance /registertest/uut/ : Warning: NUMERIC_STD.TO_UNSIGNED: vector truncated
at 5385730 ns(1), Instance /registertest/uut/ : Warning: NUMERIC_STD.TO_UNSIGNED: vector truncated
at 5406430 ns(1), Instance /registertest/uut/ : Warning: NUMERIC_STD.TO_UNSIGNED: vector truncated
at 5406590 ns(1), Instance /registertest/uut/ : Warning: NUMERIC_STD.TO_UNSIGNED: vector truncated
at 5427290 ns(1), Instance /registertest/uut/ : Warning: NUMERIC_STD.TO_UNSIGNED: vector truncated
at 5427450 ns(1), Instance /registertest/uut/ : Warning: NUMERIC_STD.TO_UNSIGNED: vector truncated
at 5448150 ns(1), Instance /registertest/uut/ : Warning: NUMERIC_STD.TO_UNSIGNED: vector truncated
at 5448310 ns(1), Instance /registertest/uut/ : Warning: NUMERIC_STD.TO_UNSIGNED: vector truncated
at 5469010 ns(1), Instance /registertest/uut/ : Warning: NUMERIC_STD.TO_UNSIGNED: vector truncated
at 5469170 ns(1), Instance /registertest/uut/ : Warning: NUMERIC_STD.TO_UNSIGNED: vector truncated
at 5489870 ns(1), Instance /registertest/uut/ : Warning: NUMERIC_STD.TO_UNSIGNED: vector truncated
at 5490030 ns(1), Instance /registertest/uut/ : Warning: NUMERIC_STD.TO_UNSIGNED: vector truncated
at 5510730 ns(1), Instance /registertest/uut/ : Warning: NUMERIC_STD.TO_UNSIGNED: vector truncated
at 5510890 ns(1), Instance /registertest/uut/ : Warning: NUMERIC_STD.TO_UNSIGNED: vector truncated
at 5531590 ns(1), Instance /registertest/uut/ : Warning: NUMERIC_STD.TO_UNSIGNED: vector truncated
at 5531750 ns(1), Instance /registertest/uut/ : Warning: NUMERIC_STD.TO_UNSIGNED: vector truncated
at 5552450 ns(1), Instance /registertest/uut/ : Warning: NUMERIC_STD.TO_UNSIGNED: vector truncated
at 5552610 ns(1), Instance /registertest/uut/ : Warning: NUMERIC_STD.TO_UNSIGNED: vector truncated
at 5573310 ns(1), Instance /registertest/uut/ : Warning: NUMERIC_STD.TO_UNSIGNED: vector truncated
at 5573470 ns(1), Instance /registertest/uut/ : Warning: NUMERIC_STD.TO_UNSIGNED: vector truncated
at 5594170 ns(1), Instance /registertest/uut/ : Warning: NUMERIC_STD.TO_UNSIGNED: vector truncated
at 5594330 ns(1), Instance /registertest/uut/ : Warning: NUMERIC_STD.TO_UNSIGNED: vector truncated
at 5615030 ns(1), Instance /registertest/uut/ : Warning: NUMERIC_STD.TO_UNSIGNED: vector truncated
at 5615190 ns(1), Instance /registertest/uut/ : Warning: NUMERIC_STD.TO_UNSIGNED: vector truncated
at 5635890 ns(1), Instance /registertest/uut/ : Warning: NUMERIC_STD.TO_UNSIGNED: vector truncated
at 5636050 ns(1), Instance /registertest/uut/ : Warning: NUMERIC_STD.TO_UNSIGNED: vector truncated
at 5656750 ns(1), Instance /registertest/uut/ : Warning: NUMERIC_STD.TO_UNSIGNED: vector truncated
at 5656910 ns(1), Instance /registertest/uut/ : Warning: NUMERIC_STD.TO_UNSIGNED: vector truncated
at 5677610 ns(1), Instance /registertest/uut/ : Warning: NUMERIC_STD.TO_UNSIGNED: vector truncated
at 5677770 ns(1), Instance /registertest/uut/ : Warning: NUMERIC_STD.TO_UNSIGNED: vector truncated
at 5698470 ns(1), Instance /registertest/uut/ : Warning: NUMERIC_STD.TO_UNSIGNED: vector truncated
at 5698630 ns(1), Instance /registertest/uut/ : Warning: NUMERIC_STD.TO_UNSIGNED: vector truncated
at 5719330 ns(1), Instance /registertest/uut/ : Warning: NUMERIC_STD.TO_UNSIGNED: vector truncated
at 5719490 ns(1), Instance /registertest/uut/ : Warning: NUMERIC_STD.TO_UNSIGNED: vector truncated
at 5740190 ns(1), Instance /registertest/uut/ : Warning: NUMERIC_STD.TO_UNSIGNED: vector truncated
at 5740350 ns(1), Instance /registertest/uut/ : Warning: NUMERIC_STD.TO_UNSIGNED: vector truncated
at 5761050 ns(1), Instance /registertest/uut/ : Warning: NUMERIC_STD.TO_UNSIGNED: vector truncated
at 5761210 ns(1), Instance /registertest/uut/ : Warning: NUMERIC_STD.TO_UNSIGNED: vector truncated
at 5781910 ns(1), Instance /registertest/uut/ : Warning: NUMERIC_STD.TO_UNSIGNED: vector truncated
at 5782070 ns(1), Instance /registertest/uut/ : Warning: NUMERIC_STD.TO_UNSIGNED: vector truncated
at 5802770 ns(1), Instance /registertest/uut/ : Warning: NUMERIC_STD.TO_UNSIGNED: vector truncated
at 5802930 ns(1), Instance /registertest/uut/ : Warning: NUMERIC_STD.TO_UNSIGNED: vector truncated
at 5823630 ns(1), Instance /registertest/uut/ : Warning: NUMERIC_STD.TO_UNSIGNED: vector truncated
at 5823790 ns(1), Instance /registertest/uut/ : Warning: NUMERIC_STD.TO_UNSIGNED: vector truncated
at 5844490 ns(1), Instance /registertest/uut/ : Warning: NUMERIC_STD.TO_UNSIGNED: vector truncated
at 5844650 ns(1), Instance /registertest/uut/ : Warning: NUMERIC_STD.TO_UNSIGNED: vector truncated
at 5865350 ns(1), Instance /registertest/uut/ : Warning: NUMERIC_STD.TO_UNSIGNED: vector truncated
at 5865510 ns(1), Instance /registertest/uut/ : Warning: NUMERIC_STD.TO_UNSIGNED: vector truncated
at 5886210 ns(1), Instance /registertest/uut/ : Warning: NUMERIC_STD.TO_UNSIGNED: vector truncated
at 5886370 ns(1), Instance /registertest/uut/ : Warning: NUMERIC_STD.TO_UNSIGNED: vector truncated
at 5907070 ns(1), Instance /registertest/uut/ : Warning: NUMERIC_STD.TO_UNSIGNED: vector truncated
at 5907230 ns(1), Instance /registertest/uut/ : Warning: NUMERIC_STD.TO_UNSIGNED: vector truncated
at 5927930 ns(1), Instance /registertest/uut/ : Warning: NUMERIC_STD.TO_UNSIGNED: vector truncated
at 5928090 ns(1), Instance /registertest/uut/ : Warning: NUMERIC_STD.TO_UNSIGNED: vector truncated
at 5948790 ns(1), Instance /registertest/uut/ : Warning: NUMERIC_STD.TO_UNSIGNED: vector truncated
at 5948950 ns(1), Instance /registertest/uut/ : Warning: NUMERIC_STD.TO_UNSIGNED: vector truncated
at 5969650 ns(1), Instance /registertest/uut/ : Warning: NUMERIC_STD.TO_UNSIGNED: vector truncated
at 5969810 ns(1), Instance /registertest/uut/ : Warning: NUMERIC_STD.TO_UNSIGNED: vector truncated
at 5990510 ns(1), Instance /registertest/uut/ : Warning: NUMERIC_STD.TO_UNSIGNED: vector truncated
at 5990670 ns(1), Instance /registertest/uut/ : Warning: NUMERIC_STD.TO_UNSIGNED: vector truncated
at 6011370 ns(1), Instance /registertest/uut/ : Warning: NUMERIC_STD.TO_UNSIGNED: vector truncated
at 6011530 ns(1), Instance /registertest/uut/ : Warning: NUMERIC_STD.TO_UNSIGNED: vector truncated
at 6032230 ns(1), Instance /registertest/uut/ : Warning: NUMERIC_STD.TO_UNSIGNED: vector truncated
at 6032390 ns(1), Instance /registertest/uut/ : Warning: NUMERIC_STD.TO_UNSIGNED: vector truncated
at 6053090 ns(1), Instance /registertest/uut/ : Warning: NUMERIC_STD.TO_UNSIGNED: vector truncated
at 6073950 ns(1), Instance /registertest/uut/ : Warning: NUMERIC_STD.TO_UNSIGNED: vector truncated
at 6094810 ns(1), Instance /registertest/uut/ : Warning: NUMERIC_STD.TO_UNSIGNED: vector truncated
at 6115670 ns(1), Instance /registertest/uut/ : Warning: NUMERIC_STD.TO_UNSIGNED: vector truncated
at 6115830 ns(1), Instance /registertest/uut/ : Warning: NUMERIC_STD.TO_UNSIGNED: vector truncated
at 6136530 ns(1), Instance /registertest/uut/ : Warning: NUMERIC_STD.TO_UNSIGNED: vector truncated
at 6136690 ns(1), Instance /registertest/uut/ : Warning: NUMERIC_STD.TO_UNSIGNED: vector truncated
at 6157390 ns(1), Instance /registertest/uut/ : Warning: NUMERIC_STD.TO_UNSIGNED: vector truncated
at 6157550 ns(1), Instance /registertest/uut/ : Warning: NUMERIC_STD.TO_UNSIGNED: vector truncated
at 6178250 ns(1), Instance /registertest/uut/ : Warning: NUMERIC_STD.TO_UNSIGNED: vector truncated
at 6178410 ns(1), Instance /registertest/uut/ : Warning: NUMERIC_STD.TO_UNSIGNED: vector truncated
at 6199110 ns(1), Instance /registertest/uut/ : Warning: NUMERIC_STD.TO_UNSIGNED: vector truncated
at 6199270 ns(1), Instance /registertest/uut/ : Warning: NUMERIC_STD.TO_UNSIGNED: vector truncated
at 6219970 ns(1), Instance /registertest/uut/ : Warning: NUMERIC_STD.TO_UNSIGNED: vector truncated
at 6220130 ns(1), Instance /registertest/uut/ : Warning: NUMERIC_STD.TO_UNSIGNED: vector truncated
at 6240830 ns(1), Instance /registertest/uut/ : Warning: NUMERIC_STD.TO_UNSIGNED: vector truncated
at 6240990 ns(1), Instance /registertest/uut/ : Warning: NUMERIC_STD.TO_UNSIGNED: vector truncated
at 6261690 ns(1), Instance /registertest/uut/ : Warning: NUMERIC_STD.TO_UNSIGNED: vector truncated
at 6261850 ns(1), Instance /registertest/uut/ : Warning: NUMERIC_STD.TO_UNSIGNED: vector truncated
at 6282550 ns(1), Instance /registertest/uut/ : Warning: NUMERIC_STD.TO_UNSIGNED: vector truncated
at 6282710 ns(1), Instance /registertest/uut/ : Warning: NUMERIC_STD.TO_UNSIGNED: vector truncated
at 6303410 ns(1), Instance /registertest/uut/ : Warning: NUMERIC_STD.TO_UNSIGNED: vector truncated
at 6303570 ns(1), Instance /registertest/uut/ : Warning: NUMERIC_STD.TO_UNSIGNED: vector truncated
at 6324270 ns(1), Instance /registertest/uut/ : Warning: NUMERIC_STD.TO_UNSIGNED: vector truncated
at 6324430 ns(1), Instance /registertest/uut/ : Warning: NUMERIC_STD.TO_UNSIGNED: vector truncated
at 6345130 ns(1), Instance /registertest/uut/ : Warning: NUMERIC_STD.TO_UNSIGNED: vector truncated
at 6345290 ns(1), Instance /registertest/uut/ : Warning: NUMERIC_STD.TO_UNSIGNED: vector truncated
at 6365990 ns(1), Instance /registertest/uut/ : Warning: NUMERIC_STD.TO_UNSIGNED: vector truncated
at 6366150 ns(1), Instance /registertest/uut/ : Warning: NUMERIC_STD.TO_UNSIGNED: vector truncated
at 6386850 ns(1), Instance /registertest/uut/ : Warning: NUMERIC_STD.TO_UNSIGNED: vector truncated
at 6387010 ns(1), Instance /registertest/uut/ : Warning: NUMERIC_STD.TO_UNSIGNED: vector truncated
at 6407710 ns(1), Instance /registertest/uut/ : Warning: NUMERIC_STD.TO_UNSIGNED: vector truncated
at 6407870 ns(1), Instance /registertest/uut/ : Warning: NUMERIC_STD.TO_UNSIGNED: vector truncated
at 6428570 ns(1), Instance /registertest/uut/ : Warning: NUMERIC_STD.TO_UNSIGNED: vector truncated
at 6428730 ns(1), Instance /registertest/uut/ : Warning: NUMERIC_STD.TO_UNSIGNED: vector truncated
at 6449430 ns(1), Instance /registertest/uut/ : Warning: NUMERIC_STD.TO_UNSIGNED: vector truncated
at 6449590 ns(1), Instance /registertest/uut/ : Warning: NUMERIC_STD.TO_UNSIGNED: vector truncated
at 6470290 ns(1), Instance /registertest/uut/ : Warning: NUMERIC_STD.TO_UNSIGNED: vector truncated
at 6470450 ns(1), Instance /registertest/uut/ : Warning: NUMERIC_STD.TO_UNSIGNED: vector truncated
at 6491150 ns(1), Instance /registertest/uut/ : Warning: NUMERIC_STD.TO_UNSIGNED: vector truncated
at 6491310 ns(1), Instance /registertest/uut/ : Warning: NUMERIC_STD.TO_UNSIGNED: vector truncated
at 6512010 ns(1), Instance /registertest/uut/ : Warning: NUMERIC_STD.TO_UNSIGNED: vector truncated
at 6512170 ns(1), Instance /registertest/uut/ : Warning: NUMERIC_STD.TO_UNSIGNED: vector truncated
at 6532870 ns(1), Instance /registertest/uut/ : Warning: NUMERIC_STD.TO_UNSIGNED: vector truncated
at 6533030 ns(1), Instance /registertest/uut/ : Warning: NUMERIC_STD.TO_UNSIGNED: vector truncated
at 6553730 ns(1), Instance /registertest/uut/ : Warning: NUMERIC_STD.TO_UNSIGNED: vector truncated
at 6553890 ns(1), Instance /registertest/uut/ : Warning: NUMERIC_STD.TO_UNSIGNED: vector truncated
at 6574590 ns(1), Instance /registertest/uut/ : Warning: NUMERIC_STD.TO_UNSIGNED: vector truncated
at 6574750 ns(1), Instance /registertest/uut/ : Warning: NUMERIC_STD.TO_UNSIGNED: vector truncated
at 6595450 ns(1), Instance /registertest/uut/ : Warning: NUMERIC_STD.TO_UNSIGNED: vector truncated
at 6595610 ns(1), Instance /registertest/uut/ : Warning: NUMERIC_STD.TO_UNSIGNED: vector truncated
at 6616310 ns(1), Instance /registertest/uut/ : Warning: NUMERIC_STD.TO_UNSIGNED: vector truncated
at 6616470 ns(1), Instance /registertest/uut/ : Warning: NUMERIC_STD.TO_UNSIGNED: vector truncated
at 6637170 ns(1), Instance /registertest/uut/ : Warning: NUMERIC_STD.TO_UNSIGNED: vector truncated
at 6637330 ns(1), Instance /registertest/uut/ : Warning: NUMERIC_STD.TO_UNSIGNED: vector truncated
at 6658030 ns(1), Instance /registertest/uut/ : Warning: NUMERIC_STD.TO_UNSIGNED: vector truncated
at 6658190 ns(1), Instance /registertest/uut/ : Warning: NUMERIC_STD.TO_UNSIGNED: vector truncated
at 6678890 ns(1), Instance /registertest/uut/ : Warning: NUMERIC_STD.TO_UNSIGNED: vector truncated
at 6679050 ns(1), Instance /registertest/uut/ : Warning: NUMERIC_STD.TO_UNSIGNED: vector truncated
at 6699750 ns(1), Instance /registertest/uut/ : Warning: NUMERIC_STD.TO_UNSIGNED: vector truncated
at 6699910 ns(1), Instance /registertest/uut/ : Warning: NUMERIC_STD.TO_UNSIGNED: vector truncated
at 6720610 ns(1), Instance /registertest/uut/ : Warning: NUMERIC_STD.TO_UNSIGNED: vector truncated
at 6720770 ns(1), Instance /registertest/uut/ : Warning: NUMERIC_STD.TO_UNSIGNED: vector truncated
at 6741470 ns(1), Instance /registertest/uut/ : Warning: NUMERIC_STD.TO_UNSIGNED: vector truncated
at 6741630 ns(1), Instance /registertest/uut/ : Warning: NUMERIC_STD.TO_UNSIGNED: vector truncated
at 6762330 ns(1), Instance /registertest/uut/ : Warning: NUMERIC_STD.TO_UNSIGNED: vector truncated
at 6762490 ns(1), Instance /registertest/uut/ : Warning: NUMERIC_STD.TO_UNSIGNED: vector truncated
at 6783190 ns(1), Instance /registertest/uut/ : Warning: NUMERIC_STD.TO_UNSIGNED: vector truncated
at 6783350 ns(1), Instance /registertest/uut/ : Warning: NUMERIC_STD.TO_UNSIGNED: vector truncated
at 6804050 ns(1), Instance /registertest/uut/ : Warning: NUMERIC_STD.TO_UNSIGNED: vector truncated
at 6804210 ns(1), Instance /registertest/uut/ : Warning: NUMERIC_STD.TO_UNSIGNED: vector truncated
at 6824910 ns(1), Instance /registertest/uut/ : Warning: NUMERIC_STD.TO_UNSIGNED: vector truncated
at 6825070 ns(1), Instance /registertest/uut/ : Warning: NUMERIC_STD.TO_UNSIGNED: vector truncated
at 6845770 ns(1), Instance /registertest/uut/ : Warning: NUMERIC_STD.TO_UNSIGNED: vector truncated
at 6845930 ns(1), Instance /registertest/uut/ : Warning: NUMERIC_STD.TO_UNSIGNED: vector truncated
at 6866630 ns(1), Instance /registertest/uut/ : Warning: NUMERIC_STD.TO_UNSIGNED: vector truncated
at 6866790 ns(1), Instance /registertest/uut/ : Warning: NUMERIC_STD.TO_UNSIGNED: vector truncated
at 6887490 ns(1), Instance /registertest/uut/ : Warning: NUMERIC_STD.TO_UNSIGNED: vector truncated
at 6887650 ns(1), Instance /registertest/uut/ : Warning: NUMERIC_STD.TO_UNSIGNED: vector truncated
at 6908350 ns(1), Instance /registertest/uut/ : Warning: NUMERIC_STD.TO_UNSIGNED: vector truncated
at 6908510 ns(1), Instance /registertest/uut/ : Warning: NUMERIC_STD.TO_UNSIGNED: vector truncated
at 6929210 ns(1), Instance /registertest/uut/ : Warning: NUMERIC_STD.TO_UNSIGNED: vector truncated
at 6929370 ns(1), Instance /registertest/uut/ : Warning: NUMERIC_STD.TO_UNSIGNED: vector truncated
at 6950070 ns(1), Instance /registertest/uut/ : Warning: NUMERIC_STD.TO_UNSIGNED: vector truncated
at 6950230 ns(1), Instance /registertest/uut/ : Warning: NUMERIC_STD.TO_UNSIGNED: vector truncated
at 6970930 ns(1), Instance /registertest/uut/ : Warning: NUMERIC_STD.TO_UNSIGNED: vector truncated
at 6971090 ns(1), Instance /registertest/uut/ : Warning: NUMERIC_STD.TO_UNSIGNED: vector truncated
at 6991790 ns(1), Instance /registertest/uut/ : Warning: NUMERIC_STD.TO_UNSIGNED: vector truncated
at 6991950 ns(1), Instance /registertest/uut/ : Warning: NUMERIC_STD.TO_UNSIGNED: vector truncated
at 7012650 ns(1), Instance /registertest/uut/ : Warning: NUMERIC_STD.TO_UNSIGNED: vector truncated
at 7012810 ns(1), Instance /registertest/uut/ : Warning: NUMERIC_STD.TO_UNSIGNED: vector truncated
at 7033510 ns(1), Instance /registertest/uut/ : Warning: NUMERIC_STD.TO_UNSIGNED: vector truncated
at 7033670 ns(1), Instance /registertest/uut/ : Warning: NUMERIC_STD.TO_UNSIGNED: vector truncated
at 7054370 ns(1), Instance /registertest/uut/ : Warning: NUMERIC_STD.TO_UNSIGNED: vector truncated
at 7054530 ns(1), Instance /registertest/uut/ : Warning: NUMERIC_STD.TO_UNSIGNED: vector truncated
at 7075230 ns(1), Instance /registertest/uut/ : Warning: NUMERIC_STD.TO_UNSIGNED: vector truncated
at 7075390 ns(1), Instance /registertest/uut/ : Warning: NUMERIC_STD.TO_UNSIGNED: vector truncated
at 7096090 ns(1), Instance /registertest/uut/ : Warning: NUMERIC_STD.TO_UNSIGNED: vector truncated
at 7096250 ns(1), Instance /registertest/uut/ : Warning: NUMERIC_STD.TO_UNSIGNED: vector truncated
at 7116950 ns(1), Instance /registertest/uut/ : Warning: NUMERIC_STD.TO_UNSIGNED: vector truncated
at 7117110 ns(1), Instance /registertest/uut/ : Warning: NUMERIC_STD.TO_UNSIGNED: vector truncated
at 7137810 ns(1), Instance /registertest/uut/ : Warning: NUMERIC_STD.TO_UNSIGNED: vector truncated
at 7137970 ns(1), Instance /registertest/uut/ : Warning: NUMERIC_STD.TO_UNSIGNED: vector truncated
at 7158670 ns(1), Instance /registertest/uut/ : Warning: NUMERIC_STD.TO_UNSIGNED: vector truncated
at 7158830 ns(1), Instance /registertest/uut/ : Warning: NUMERIC_STD.TO_UNSIGNED: vector truncated
at 7179530 ns(1), Instance /registertest/uut/ : Warning: NUMERIC_STD.TO_UNSIGNED: vector truncated
at 7179690 ns(1), Instance /registertest/uut/ : Warning: NUMERIC_STD.TO_UNSIGNED: vector truncated
at 7200390 ns(1), Instance /registertest/uut/ : Warning: NUMERIC_STD.TO_UNSIGNED: vector truncated
at 7200550 ns(1), Instance /registertest/uut/ : Warning: NUMERIC_STD.TO_UNSIGNED: vector truncated
at 7221250 ns(1), Instance /registertest/uut/ : Warning: NUMERIC_STD.TO_UNSIGNED: vector truncated
at 7221410 ns(1), Instance /registertest/uut/ : Warning: NUMERIC_STD.TO_UNSIGNED: vector truncated
at 7242270 ns(1), Instance /registertest/uut/ : Warning: NUMERIC_STD.TO_UNSIGNED: vector truncated
at 7263130 ns(1), Instance /registertest/uut/ : Warning: NUMERIC_STD.TO_UNSIGNED: vector truncated
at 7283990 ns(1), Instance /registertest/uut/ : Warning: NUMERIC_STD.TO_UNSIGNED: vector truncated
at 7304850 ns(1), Instance /registertest/uut/ : Warning: NUMERIC_STD.TO_UNSIGNED: vector truncated
at 7325710 ns(1), Instance /registertest/uut/ : Warning: NUMERIC_STD.TO_UNSIGNED: vector truncated
at 7346570 ns(1), Instance /registertest/uut/ : Warning: NUMERIC_STD.TO_UNSIGNED: vector truncated
at 7367270 ns(1), Instance /registertest/uut/ : Warning: NUMERIC_STD.TO_UNSIGNED: vector truncated
at 7367430 ns(1), Instance /registertest/uut/ : Warning: NUMERIC_STD.TO_UNSIGNED: vector truncated
at 7388130 ns(1), Instance /registertest/uut/ : Warning: NUMERIC_STD.TO_UNSIGNED: vector truncated
at 7388290 ns(1), Instance /registertest/uut/ : Warning: NUMERIC_STD.TO_UNSIGNED: vector truncated
at 7408990 ns(1), Instance /registertest/uut/ : Warning: NUMERIC_STD.TO_UNSIGNED: vector truncated
at 7409150 ns(1), Instance /registertest/uut/ : Warning: NUMERIC_STD.TO_UNSIGNED: vector truncated
at 7429850 ns(1), Instance /registertest/uut/ : Warning: NUMERIC_STD.TO_UNSIGNED: vector truncated
at 7430010 ns(1), Instance /registertest/uut/ : Warning: NUMERIC_STD.TO_UNSIGNED: vector truncated
at 7450710 ns(1), Instance /registertest/uut/ : Warning: NUMERIC_STD.TO_UNSIGNED: vector truncated
at 7450870 ns(1), Instance /registertest/uut/ : Warning: NUMERIC_STD.TO_UNSIGNED: vector truncated
at 7471570 ns(1), Instance /registertest/uut/ : Warning: NUMERIC_STD.TO_UNSIGNED: vector truncated
at 7471730 ns(1), Instance /registertest/uut/ : Warning: NUMERIC_STD.TO_UNSIGNED: vector truncated
at 7492430 ns(1), Instance /registertest/uut/ : Warning: NUMERIC_STD.TO_UNSIGNED: vector truncated
at 7513290 ns(1), Instance /registertest/uut/ : Warning: NUMERIC_STD.TO_UNSIGNED: vector truncated
at 7534150 ns(1), Instance /registertest/uut/ : Warning: NUMERIC_STD.TO_UNSIGNED: vector truncated
at 7617590 ns(1), Instance /registertest/uut/ : Warning: NUMERIC_STD.TO_UNSIGNED: vector truncated
at 7638450 ns(1), Instance /registertest/uut/ : Warning: NUMERIC_STD.TO_UNSIGNED: vector truncated
at 7638610 ns(1), Instance /registertest/uut/ : Warning: NUMERIC_STD.TO_UNSIGNED: vector truncated
at 7659310 ns(1), Instance /registertest/uut/ : Warning: NUMERIC_STD.TO_UNSIGNED: vector truncated
at 7659470 ns(1), Instance /registertest/uut/ : Warning: NUMERIC_STD.TO_UNSIGNED: vector truncated
at 7680170 ns(1), Instance /registertest/uut/ : Warning: NUMERIC_STD.TO_UNSIGNED: vector truncated
at 7680330 ns(1), Instance /registertest/uut/ : Warning: NUMERIC_STD.TO_UNSIGNED: vector truncated
at 7701030 ns(1), Instance /registertest/uut/ : Warning: NUMERIC_STD.TO_UNSIGNED: vector truncated
at 7701190 ns(1), Instance /registertest/uut/ : Warning: NUMERIC_STD.TO_UNSIGNED: vector truncated
at 7721890 ns(1), Instance /registertest/uut/ : Warning: NUMERIC_STD.TO_UNSIGNED: vector truncated
at 7722050 ns(1), Instance /registertest/uut/ : Warning: NUMERIC_STD.TO_UNSIGNED: vector truncated
at 7742750 ns(1), Instance /registertest/uut/ : Warning: NUMERIC_STD.TO_UNSIGNED: vector truncated
at 7742910 ns(1), Instance /registertest/uut/ : Warning: NUMERIC_STD.TO_UNSIGNED: vector truncated
at 7763610 ns(1), Instance /registertest/uut/ : Warning: NUMERIC_STD.TO_UNSIGNED: vector truncated
at 7763770 ns(1), Instance /registertest/uut/ : Warning: NUMERIC_STD.TO_UNSIGNED: vector truncated
at 7784470 ns(1), Instance /registertest/uut/ : Warning: NUMERIC_STD.TO_UNSIGNED: vector truncated
at 7784630 ns(1), Instance /registertest/uut/ : Warning: NUMERIC_STD.TO_UNSIGNED: vector truncated
at 7805330 ns(1), Instance /registertest/uut/ : Warning: NUMERIC_STD.TO_UNSIGNED: vector truncated
at 7805490 ns(1), Instance /registertest/uut/ : Warning: NUMERIC_STD.TO_UNSIGNED: vector truncated
at 7826190 ns(1), Instance /registertest/uut/ : Warning: NUMERIC_STD.TO_UNSIGNED: vector truncated
at 7826350 ns(1), Instance /registertest/uut/ : Warning: NUMERIC_STD.TO_UNSIGNED: vector truncated
at 7847050 ns(1), Instance /registertest/uut/ : Warning: NUMERIC_STD.TO_UNSIGNED: vector truncated
at 7847210 ns(1), Instance /registertest/uut/ : Warning: NUMERIC_STD.TO_UNSIGNED: vector truncated
at 7867910 ns(1), Instance /registertest/uut/ : Warning: NUMERIC_STD.TO_UNSIGNED: vector truncated
at 7868070 ns(1), Instance /registertest/uut/ : Warning: NUMERIC_STD.TO_UNSIGNED: vector truncated
at 7888770 ns(1), Instance /registertest/uut/ : Warning: NUMERIC_STD.TO_UNSIGNED: vector truncated
at 7888930 ns(1), Instance /registertest/uut/ : Warning: NUMERIC_STD.TO_UNSIGNED: vector truncated
at 7909630 ns(1), Instance /registertest/uut/ : Warning: NUMERIC_STD.TO_UNSIGNED: vector truncated
at 7909790 ns(1), Instance /registertest/uut/ : Warning: NUMERIC_STD.TO_UNSIGNED: vector truncated
at 7930490 ns(1), Instance /registertest/uut/ : Warning: NUMERIC_STD.TO_UNSIGNED: vector truncated
at 7930650 ns(1), Instance /registertest/uut/ : Warning: NUMERIC_STD.TO_UNSIGNED: vector truncated
at 7951350 ns(1), Instance /registertest/uut/ : Warning: NUMERIC_STD.TO_UNSIGNED: vector truncated
at 7951510 ns(1), Instance /registertest/uut/ : Warning: NUMERIC_STD.TO_UNSIGNED: vector truncated
at 7972210 ns(1), Instance /registertest/uut/ : Warning: NUMERIC_STD.TO_UNSIGNED: vector truncated
at 7972370 ns(1), Instance /registertest/uut/ : Warning: NUMERIC_STD.TO_UNSIGNED: vector truncated
at 7993070 ns(1), Instance /registertest/uut/ : Warning: NUMERIC_STD.TO_UNSIGNED: vector truncated
at 7993230 ns(1), Instance /registertest/uut/ : Warning: NUMERIC_STD.TO_UNSIGNED: vector truncated
at 8013930 ns(1), Instance /registertest/uut/ : Warning: NUMERIC_STD.TO_UNSIGNED: vector truncated
at 8014090 ns(1), Instance /registertest/uut/ : Warning: NUMERIC_STD.TO_UNSIGNED: vector truncated
at 8034790 ns(1), Instance /registertest/uut/ : Warning: NUMERIC_STD.TO_UNSIGNED: vector truncated
at 8034950 ns(1), Instance /registertest/uut/ : Warning: NUMERIC_STD.TO_UNSIGNED: vector truncated
at 8055650 ns(1), Instance /registertest/uut/ : Warning: NUMERIC_STD.TO_UNSIGNED: vector truncated
at 8055810 ns(1), Instance /registertest/uut/ : Warning: NUMERIC_STD.TO_UNSIGNED: vector truncated
at 8076510 ns(1), Instance /registertest/uut/ : Warning: NUMERIC_STD.TO_UNSIGNED: vector truncated
at 8076670 ns(1), Instance /registertest/uut/ : Warning: NUMERIC_STD.TO_UNSIGNED: vector truncated
at 8097370 ns(1), Instance /registertest/uut/ : Warning: NUMERIC_STD.TO_UNSIGNED: vector truncated
at 8097530 ns(1), Instance /registertest/uut/ : Warning: NUMERIC_STD.TO_UNSIGNED: vector truncated
at 8118230 ns(1), Instance /registertest/uut/ : Warning: NUMERIC_STD.TO_UNSIGNED: vector truncated
at 8118390 ns(1), Instance /registertest/uut/ : Warning: NUMERIC_STD.TO_UNSIGNED: vector truncated
at 8139090 ns(1), Instance /registertest/uut/ : Warning: NUMERIC_STD.TO_UNSIGNED: vector truncated
at 8139250 ns(1), Instance /registertest/uut/ : Warning: NUMERIC_STD.TO_UNSIGNED: vector truncated
at 8159950 ns(1), Instance /registertest/uut/ : Warning: NUMERIC_STD.TO_UNSIGNED: vector truncated
at 8180810 ns(1), Instance /registertest/uut/ : Warning: NUMERIC_STD.TO_UNSIGNED: vector truncated
at 8201670 ns(1), Instance /registertest/uut/ : Warning: NUMERIC_STD.TO_UNSIGNED: vector truncated
at 8222530 ns(1), Instance /registertest/uut/ : Warning: NUMERIC_STD.TO_UNSIGNED: vector truncated
at 8243390 ns(1), Instance /registertest/uut/ : Warning: NUMERIC_STD.TO_UNSIGNED: vector truncated
at 8264250 ns(1), Instance /registertest/uut/ : Warning: NUMERIC_STD.TO_UNSIGNED: vector truncated
at 8285110 ns(1), Instance /registertest/uut/ : Warning: NUMERIC_STD.TO_UNSIGNED: vector truncated
at 8305970 ns(1), Instance /registertest/uut/ : Warning: NUMERIC_STD.TO_UNSIGNED: vector truncated
at 8326830 ns(1), Instance /registertest/uut/ : Warning: NUMERIC_STD.TO_UNSIGNED: vector truncated
at 8347690 ns(1), Instance /registertest/uut/ : Warning: NUMERIC_STD.TO_UNSIGNED: vector truncated
at 8368550 ns(1), Instance /registertest/uut/ : Warning: NUMERIC_STD.TO_UNSIGNED: vector truncated
at 8389410 ns(1), Instance /registertest/uut/ : Warning: NUMERIC_STD.TO_UNSIGNED: vector truncated
at 8410270 ns(1), Instance /registertest/uut/ : Warning: NUMERIC_STD.TO_UNSIGNED: vector truncated
at 8410430 ns(1), Instance /registertest/uut/ : Warning: NUMERIC_STD.TO_UNSIGNED: vector truncated
at 8431130 ns(1), Instance /registertest/uut/ : Warning: NUMERIC_STD.TO_UNSIGNED: vector truncated
at 8431290 ns(1), Instance /registertest/uut/ : Warning: NUMERIC_STD.TO_UNSIGNED: vector truncated
at 8451990 ns(1), Instance /registertest/uut/ : Warning: NUMERIC_STD.TO_UNSIGNED: vector truncated
at 8452150 ns(1), Instance /registertest/uut/ : Warning: NUMERIC_STD.TO_UNSIGNED: vector truncated
at 8472850 ns(1), Instance /registertest/uut/ : Warning: NUMERIC_STD.TO_UNSIGNED: vector truncated
at 8473010 ns(1), Instance /registertest/uut/ : Warning: NUMERIC_STD.TO_UNSIGNED: vector truncated
at 8493710 ns(1), Instance /registertest/uut/ : Warning: NUMERIC_STD.TO_UNSIGNED: vector truncated
at 8493870 ns(1), Instance /registertest/uut/ : Warning: NUMERIC_STD.TO_UNSIGNED: vector truncated
at 8514570 ns(1), Instance /registertest/uut/ : Warning: NUMERIC_STD.TO_UNSIGNED: vector truncated
at 8514730 ns(1), Instance /registertest/uut/ : Warning: NUMERIC_STD.TO_UNSIGNED: vector truncated
at 8535430 ns(1), Instance /registertest/uut/ : Warning: NUMERIC_STD.TO_UNSIGNED: vector truncated
at 8535590 ns(1), Instance /registertest/uut/ : Warning: NUMERIC_STD.TO_UNSIGNED: vector truncated
at 8556290 ns(1), Instance /registertest/uut/ : Warning: NUMERIC_STD.TO_UNSIGNED: vector truncated
at 8556450 ns(1), Instance /registertest/uut/ : Warning: NUMERIC_STD.TO_UNSIGNED: vector truncated
at 8577150 ns(1), Instance /registertest/uut/ : Warning: NUMERIC_STD.TO_UNSIGNED: vector truncated
at 8577310 ns(1), Instance /registertest/uut/ : Warning: NUMERIC_STD.TO_UNSIGNED: vector truncated
at 8598010 ns(1), Instance /registertest/uut/ : Warning: NUMERIC_STD.TO_UNSIGNED: vector truncated
at 8598170 ns(1), Instance /registertest/uut/ : Warning: NUMERIC_STD.TO_UNSIGNED: vector truncated
at 8618870 ns(1), Instance /registertest/uut/ : Warning: NUMERIC_STD.TO_UNSIGNED: vector truncated
at 8619030 ns(1), Instance /registertest/uut/ : Warning: NUMERIC_STD.TO_UNSIGNED: vector truncated
at 8639730 ns(1), Instance /registertest/uut/ : Warning: NUMERIC_STD.TO_UNSIGNED: vector truncated
at 8639890 ns(1), Instance /registertest/uut/ : Warning: NUMERIC_STD.TO_UNSIGNED: vector truncated
at 8660590 ns(1), Instance /registertest/uut/ : Warning: NUMERIC_STD.TO_UNSIGNED: vector truncated
at 8660750 ns(1), Instance /registertest/uut/ : Warning: NUMERIC_STD.TO_UNSIGNED: vector truncated
at 8681450 ns(1), Instance /registertest/uut/ : Warning: NUMERIC_STD.TO_UNSIGNED: vector truncated
at 8681610 ns(1), Instance /registertest/uut/ : Warning: NUMERIC_STD.TO_UNSIGNED: vector truncated
at 8702310 ns(1), Instance /registertest/uut/ : Warning: NUMERIC_STD.TO_UNSIGNED: vector truncated
at 8702470 ns(1), Instance /registertest/uut/ : Warning: NUMERIC_STD.TO_UNSIGNED: vector truncated
at 8723170 ns(1), Instance /registertest/uut/ : Warning: NUMERIC_STD.TO_UNSIGNED: vector truncated
at 8723330 ns(1), Instance /registertest/uut/ : Warning: NUMERIC_STD.TO_UNSIGNED: vector truncated
at 8744030 ns(1), Instance /registertest/uut/ : Warning: NUMERIC_STD.TO_UNSIGNED: vector truncated
at 8744190 ns(1), Instance /registertest/uut/ : Warning: NUMERIC_STD.TO_UNSIGNED: vector truncated
at 8764890 ns(1), Instance /registertest/uut/ : Warning: NUMERIC_STD.TO_UNSIGNED: vector truncated
at 8765050 ns(1), Instance /registertest/uut/ : Warning: NUMERIC_STD.TO_UNSIGNED: vector truncated
at 8785910 ns(1), Instance /registertest/uut/ : Warning: NUMERIC_STD.TO_UNSIGNED: vector truncated
at 8806770 ns(1), Instance /registertest/uut/ : Warning: NUMERIC_STD.TO_UNSIGNED: vector truncated
at 8827630 ns(1), Instance /registertest/uut/ : Warning: NUMERIC_STD.TO_UNSIGNED: vector truncated
at 8848490 ns(1), Instance /registertest/uut/ : Warning: NUMERIC_STD.TO_UNSIGNED: vector truncated
at 8869190 ns(1), Instance /registertest/uut/ : Warning: NUMERIC_STD.TO_UNSIGNED: vector truncated
at 8890050 ns(1), Instance /registertest/uut/ : Warning: NUMERIC_STD.TO_UNSIGNED: vector truncated
at 8910910 ns(1), Instance /registertest/uut/ : Warning: NUMERIC_STD.TO_UNSIGNED: vector truncated
at 8931770 ns(1), Instance /registertest/uut/ : Warning: NUMERIC_STD.TO_UNSIGNED: vector truncated
at 8952630 ns(1), Instance /registertest/uut/ : Warning: NUMERIC_STD.TO_UNSIGNED: vector truncated
at 9286550 ns(1), Instance /registertest/uut/ : Warning: NUMERIC_STD.TO_UNSIGNED: vector truncated
at 9307250 ns(1), Instance /registertest/uut/ : Warning: NUMERIC_STD.TO_UNSIGNED: vector truncated
at 9307410 ns(1), Instance /registertest/uut/ : Warning: NUMERIC_STD.TO_UNSIGNED: vector truncated
at 9328110 ns(1), Instance /registertest/uut/ : Warning: NUMERIC_STD.TO_UNSIGNED: vector truncated
at 9328270 ns(1), Instance /registertest/uut/ : Warning: NUMERIC_STD.TO_UNSIGNED: vector truncated
at 9348970 ns(1), Instance /registertest/uut/ : Warning: NUMERIC_STD.TO_UNSIGNED: vector truncated
at 9349130 ns(1), Instance /registertest/uut/ : Warning: NUMERIC_STD.TO_UNSIGNED: vector truncated
at 9369830 ns(1), Instance /registertest/uut/ : Warning: NUMERIC_STD.TO_UNSIGNED: vector truncated
at 9369990 ns(1), Instance /registertest/uut/ : Warning: NUMERIC_STD.TO_UNSIGNED: vector truncated
at 9390690 ns(1), Instance /registertest/uut/ : Warning: NUMERIC_STD.TO_UNSIGNED: vector truncated
at 9390850 ns(1), Instance /registertest/uut/ : Warning: NUMERIC_STD.TO_UNSIGNED: vector truncated
at 9411550 ns(1), Instance /registertest/uut/ : Warning: NUMERIC_STD.TO_UNSIGNED: vector truncated
at 9411710 ns(1), Instance /registertest/uut/ : Warning: NUMERIC_STD.TO_UNSIGNED: vector truncated
at 9432410 ns(1), Instance /registertest/uut/ : Warning: NUMERIC_STD.TO_UNSIGNED: vector truncated
at 9432570 ns(1), Instance /registertest/uut/ : Warning: NUMERIC_STD.TO_UNSIGNED: vector truncated
at 9453270 ns(1), Instance /registertest/uut/ : Warning: NUMERIC_STD.TO_UNSIGNED: vector truncated
at 9453430 ns(1), Instance /registertest/uut/ : Warning: NUMERIC_STD.TO_UNSIGNED: vector truncated
at 9474130 ns(1), Instance /registertest/uut/ : Warning: NUMERIC_STD.TO_UNSIGNED: vector truncated
at 9474290 ns(1), Instance /registertest/uut/ : Warning: NUMERIC_STD.TO_UNSIGNED: vector truncated
at 9494990 ns(1), Instance /registertest/uut/ : Warning: NUMERIC_STD.TO_UNSIGNED: vector truncated
at 9495150 ns(1), Instance /registertest/uut/ : Warning: NUMERIC_STD.TO_UNSIGNED: vector truncated
at 9515850 ns(1), Instance /registertest/uut/ : Warning: NUMERIC_STD.TO_UNSIGNED: vector truncated
at 9516010 ns(1), Instance /registertest/uut/ : Warning: NUMERIC_STD.TO_UNSIGNED: vector truncated
at 9536710 ns(1), Instance /registertest/uut/ : Warning: NUMERIC_STD.TO_UNSIGNED: vector truncated
at 9536870 ns(1), Instance /registertest/uut/ : Warning: NUMERIC_STD.TO_UNSIGNED: vector truncated
at 9557570 ns(1), Instance /registertest/uut/ : Warning: NUMERIC_STD.TO_UNSIGNED: vector truncated
at 9557730 ns(1), Instance /registertest/uut/ : Warning: NUMERIC_STD.TO_UNSIGNED: vector truncated
at 9578430 ns(1), Instance /registertest/uut/ : Warning: NUMERIC_STD.TO_UNSIGNED: vector truncated
at 9578590 ns(1), Instance /registertest/uut/ : Warning: NUMERIC_STD.TO_UNSIGNED: vector truncated
at 9599290 ns(1), Instance /registertest/uut/ : Warning: NUMERIC_STD.TO_UNSIGNED: vector truncated
at 9599450 ns(1), Instance /registertest/uut/ : Warning: NUMERIC_STD.TO_UNSIGNED: vector truncated
at 9620150 ns(1), Instance /registertest/uut/ : Warning: NUMERIC_STD.TO_UNSIGNED: vector truncated
at 9620310 ns(1), Instance /registertest/uut/ : Warning: NUMERIC_STD.TO_UNSIGNED: vector truncated
at 9641010 ns(1), Instance /registertest/uut/ : Warning: NUMERIC_STD.TO_UNSIGNED: vector truncated
at 9641170 ns(1), Instance /registertest/uut/ : Warning: NUMERIC_STD.TO_UNSIGNED: vector truncated
at 9661870 ns(1), Instance /registertest/uut/ : Warning: NUMERIC_STD.TO_UNSIGNED: vector truncated
at 9662030 ns(1), Instance /registertest/uut/ : Warning: NUMERIC_STD.TO_UNSIGNED: vector truncated
at 9682730 ns(1), Instance /registertest/uut/ : Warning: NUMERIC_STD.TO_UNSIGNED: vector truncated
at 9682890 ns(1), Instance /registertest/uut/ : Warning: NUMERIC_STD.TO_UNSIGNED: vector truncated
at 9703590 ns(1), Instance /registertest/uut/ : Warning: NUMERIC_STD.TO_UNSIGNED: vector truncated
at 9703750 ns(1), Instance /registertest/uut/ : Warning: NUMERIC_STD.TO_UNSIGNED: vector truncated
at 9724450 ns(1), Instance /registertest/uut/ : Warning: NUMERIC_STD.TO_UNSIGNED: vector truncated
at 9745310 ns(1), Instance /registertest/uut/ : Warning: NUMERIC_STD.TO_UNSIGNED: vector truncated
at 9766170 ns(1), Instance /registertest/uut/ : Warning: NUMERIC_STD.TO_UNSIGNED: vector truncated
at 9787030 ns(1), Instance /registertest/uut/ : Warning: NUMERIC_STD.TO_UNSIGNED: vector truncated
at 9807890 ns(1), Instance /registertest/uut/ : Warning: NUMERIC_STD.TO_UNSIGNED: vector truncated
at 9828750 ns(1), Instance /registertest/uut/ : Warning: NUMERIC_STD.TO_UNSIGNED: vector truncated
at 9849610 ns(1), Instance /registertest/uut/ : Warning: NUMERIC_STD.TO_UNSIGNED: vector truncated
at 9870470 ns(1), Instance /registertest/uut/ : Warning: NUMERIC_STD.TO_UNSIGNED: vector truncated
at 9891330 ns(1), Instance /registertest/uut/ : Warning: NUMERIC_STD.TO_UNSIGNED: vector truncated
at 9995630 ns(1), Instance /registertest/uut/ : Warning: NUMERIC_STD.TO_UNSIGNED: vector truncated
